<?xml version="1.0" encoding="UTF-8"?>
<coverage generated="1600677155220" clover="3.2.0">
  <project timestamp="1600677155221" name="All files">
    <metrics statements="23" coveredstatements="23" conditionals="6" coveredconditionals="6" methods="9" coveredmethods="9" elements="38" coveredelements="38" complexity="0" loc="23" ncloc="23" packages="1" files="3" classes="3"/>
    <file name="index.ts" path="D:\orxe3\overlay\packages\overlay\src\index.ts">
      <metrics statements="0" coveredstatements="0" conditionals="0" coveredconditionals="0" methods="0" coveredmethods="0"/>
    </file>
    <file name="orxe-overlay.ts" path="D:\orxe3\overlay\packages\overlay\src\orxe-overlay.ts">
      <metrics statements="22" coveredstatements="22" conditionals="6" coveredconditionals="6" methods="9" coveredmethods="9"/>
      <line num="9" count="7" type="stmt"/>
      <line num="17" count="7" type="stmt"/>
      <line num="21" count="7" type="stmt"/>
      <line num="25" count="7" type="stmt"/>
      <line num="29" count="7" type="stmt"/>
      <line num="31" count="7" type="stmt"/>
      <line num="33" count="2" type="stmt"/>
      <line num="36" count="1" type="stmt"/>
      <line num="37" count="1" type="stmt"/>
      <line num="38" count="1" type="stmt"/>
      <line num="41" count="13" type="stmt"/>
      <line num="45" count="7" type="stmt"/>
      <line num="52" count="12" type="stmt"/>
      <line num="83" count="3" type="stmt"/>
      <line num="84" count="3" type="cond" truecount="4" falsecount="0"/>
      <line num="85" count="1" type="stmt"/>
      <line num="86" count="1" type="stmt"/>
      <line num="90" count="1" type="stmt"/>
      <line num="91" count="1" type="stmt"/>
      <line num="94" count="1" type="stmt"/>
      <line num="95" count="1" type="stmt"/>
      <line num="100" count="2" type="stmt"/>
    </file>
    <file name="properties.ts" path="D:\orxe3\overlay\packages\overlay\src\properties.ts">
      <metrics statements="1" coveredstatements="1" conditionals="0" coveredconditionals="0" methods="0" coveredmethods="0"/>
      <line num="1" count="2" type="stmt"/>
    </file>
  </project>
</coverage>
