{"D:\\orxe3\\overlay\\packages\\overlay\\src\\index.ts": {"path":"D:\\orxe3\\overlay\\packages\\overlay\\src\\index.ts","statementMap":{},"fnMap":{},"branchMap":{},"s":{},"f":{},"b":{},"_coverageSchema":"1a1c01bbd47fc00a2c39e90264f33305004495a9","hash":"947ac22c2566a216a53849acfb3ed8e03039942b"}
,"D:\\orxe3\\overlay\\packages\\overlay\\src\\orxe-overlay.ts": {"path":"D:\\orxe3\\overlay\\packages\\overlay\\src\\orxe-overlay.ts","statementMap":{"0":{"start":{"line":9,"column":10},"end":{"line":9,"column":19}},"1":{"start":{"line":17,"column":16},"end":{"line":17,"column":41}},"2":{"start":{"line":21,"column":19},"end":{"line":21,"column":33}},"3":{"start":{"line":25,"column":22},"end":{"line":25,"column":39}},"4":{"start":{"line":29,"column":23},"end":{"line":29,"column":41}},"5":{"start":{"line":31,"column":25},"end":{"line":31,"column":31}},"6":{"start":{"line":33,"column":4},"end":{"line":33,"column":45}},"7":{"start":{"line":36,"column":19},"end":{"line":36,"column":36}},"8":{"start":{"line":37,"column":4},"end":{"line":37,"column":36}},"9":{"start":{"line":38,"column":4},"end":{"line":38,"column":46}},"10":{"start":{"line":41,"column":4},"end":{"line":41,"column":29}},"11":{"start":{"line":45,"column":4},"end":{"line":45,"column":12}},"12":{"start":{"line":52,"column":4},"end":{"line":78,"column":6}},"13":{"start":{"line":83,"column":4},"end":{"line":83,"column":33}},"14":{"start":{"line":84,"column":4},"end":{"line":87,"column":5}},"15":{"start":{"line":85,"column":6},"end":{"line":85,"column":33}},"16":{"start":{"line":86,"column":6},"end":{"line":86,"column":43}},"17":{"start":{"line":86,"column":23},"end":{"line":86,"column":36}},"18":{"start":{"line":90,"column":24},"end":{"line":90,"column":105}},"19":{"start":{"line":91,"column":4},"end":{"line":91,"column":36}},"20":{"start":{"line":94,"column":24},"end":{"line":94,"column":106}},"21":{"start":{"line":95,"column":4},"end":{"line":95,"column":36}},"22":{"start":{"line":100,"column":18},"end":{"line":100,"column":24}}},"fnMap":{"0":{"name":"(anonymous_0)","decl":{"start":{"line":32,"column":2},"end":{"line":32,"column":3}},"loc":{"start":{"line":32,"column":26},"end":{"line":34,"column":3}},"line":32},"1":{"name":"(anonymous_1)","decl":{"start":{"line":35,"column":2},"end":{"line":35,"column":3}},"loc":{"start":{"line":35,"column":23},"end":{"line":39,"column":3}},"line":35},"2":{"name":"(anonymous_2)","decl":{"start":{"line":40,"column":2},"end":{"line":40,"column":3}},"loc":{"start":{"line":40,"column":20},"end":{"line":42,"column":3}},"line":40},"3":{"name":"(anonymous_3)","decl":{"start":{"line":44,"column":2},"end":{"line":44,"column":3}},"loc":{"start":{"line":44,"column":16},"end":{"line":46,"column":3}},"line":44},"4":{"name":"(anonymous_4)","decl":{"start":{"line":51,"column":2},"end":{"line":51,"column":3}},"loc":{"start":{"line":51,"column":11},"end":{"line":79,"column":3}},"line":51},"5":{"name":"(anonymous_5)","decl":{"start":{"line":82,"column":2},"end":{"line":82,"column":3}},"loc":{"start":{"line":82,"column":36},"end":{"line":88,"column":3}},"line":82},"6":{"name":"(anonymous_6)","decl":{"start":{"line":86,"column":17},"end":{"line":86,"column":18}},"loc":{"start":{"line":86,"column":23},"end":{"line":86,"column":36}},"line":86},"7":{"name":"(anonymous_7)","decl":{"start":{"line":89,"column":2},"end":{"line":89,"column":3}},"loc":{"start":{"line":89,"column":30},"end":{"line":92,"column":3}},"line":89},"8":{"name":"(anonymous_8)","decl":{"start":{"line":93,"column":2},"end":{"line":93,"column":3}},"loc":{"start":{"line":93,"column":31},"end":{"line":96,"column":3}},"line":93}},"branchMap":{"0":{"loc":{"start":{"line":61,"column":12},"end":{"line":75,"column":26}},"type":"cond-expr","locations":[{"start":{"line":62,"column":8},"end":{"line":75,"column":17}},{"start":{"line":75,"column":20},"end":{"line":75,"column":26}}],"line":61},"1":{"loc":{"start":{"line":84,"column":4},"end":{"line":87,"column":5}},"type":"if","locations":[{"start":{"line":84,"column":4},"end":{"line":87,"column":5}},{"start":{"line":84,"column":4},"end":{"line":87,"column":5}}],"line":84},"2":{"loc":{"start":{"line":84,"column":8},"end":{"line":84,"column":109}},"type":"binary-expr","locations":[{"start":{"line":84,"column":8},"end":{"line":84,"column":58}},{"start":{"line":84,"column":62},"end":{"line":84,"column":109}}],"line":84}},"s":{"0":7,"1":7,"2":7,"3":7,"4":7,"5":7,"6":2,"7":1,"8":1,"9":1,"10":13,"11":7,"12":12,"13":3,"14":3,"15":1,"16":1,"17":1,"18":1,"19":1,"20":1,"21":1,"22":2},"f":{"0":2,"1":1,"2":13,"3":7,"4":12,"5":3,"6":1,"7":1,"8":1},"b":{"0":[3,9],"1":[1,2],"2":[3,3]},"_coverageSchema":"1a1c01bbd47fc00a2c39e90264f33305004495a9","hash":"85e7dbe8439a2bf43f52cc12c753f48aa5e3de8d"}
,"D:\\orxe3\\overlay\\packages\\overlay\\src\\properties.ts": {"path":"D:\\orxe3\\overlay\\packages\\overlay\\src\\properties.ts","statementMap":{"0":{"start":{"line":1,"column":27},"end":{"line":5,"column":1}}},"fnMap":{},"branchMap":{},"s":{"0":2},"f":{},"b":{},"_coverageSchema":"1a1c01bbd47fc00a2c39e90264f33305004495a9","hash":"e865346ddbbcee41c99f9f84d297135bb36155d6"}
}
