TN:
SF:src\index.ts
FNF:0
FNH:0
LF:0
LH:0
BRF:0
BRH:0
end_of_record
TN:
SF:src\orxe-overlay.ts
FN:32,(anonymous_0)
FN:35,(anonymous_1)
FN:40,(anonymous_2)
FN:44,(anonymous_3)
FN:51,(anonymous_4)
FN:82,(anonymous_5)
FN:86,(anonymous_6)
FN:89,(anonymous_7)
FN:93,(anonymous_8)
FNF:9
FNH:9
FNDA:2,(anonymous_0)
FNDA:1,(anonymous_1)
FNDA:13,(anonymous_2)
FNDA:7,(anonymous_3)
FNDA:12,(anonymous_4)
FNDA:3,(anonymous_5)
FNDA:1,(anonymous_6)
FNDA:1,(anonymous_7)
FNDA:1,(anonymous_8)
DA:9,7
DA:17,7
DA:21,7
DA:25,7
DA:29,7
DA:31,7
DA:33,2
DA:36,1
DA:37,1
DA:38,1
DA:41,13
DA:45,7
DA:52,12
DA:83,3
DA:84,3
DA:85,1
DA:86,1
DA:90,1
DA:91,1
DA:94,1
DA:95,1
DA:100,2
LF:22
LH:22
BRDA:61,0,0,3
BRDA:61,0,1,9
BRDA:84,1,0,1
BRDA:84,1,1,2
BRDA:84,2,0,3
BRDA:84,2,1,3
BRF:6
BRH:6
end_of_record
TN:
SF:src\properties.ts
FNF:0
FNH:0
DA:1,2
LF:1
LH:1
BRF:0
BRH:0
end_of_record
